SF:lib\data\model\task_model.dart
DA:7,1
DA:14,1
DA:23,0
DA:24,0
DA:25,0
DA:26,0
DA:27,0
DA:28,0
DA:29,0
DA:30,0
DA:34,1
DA:35,1
DA:36,1
DA:37,1
DA:38,1
DA:39,2
DA:40,2
DA:41,1
DA:45,1
DA:46,1
DA:47,1
DA:48,1
DA:49,1
DA:50,2
DA:51,2
DA:52,1
DA:56,0
DA:57,0
DA:59,0
DA:60,0
DA:61,0
DA:64,0
DA:65,0
LF:33
LH:18
end_of_record
SF:lib\core\enums.dart
DA:3,0
DA:5,0
DA:7,0
DA:9,0
LF:4
LH:0
end_of_record
SF:lib\domain\entities\task.dart
DA:11,1
DA:20,0
DA:28,0
DA:29,0
DA:30,0
DA:31,0
DA:32,0
DA:33,0
DA:34,0
LF:9
LH:1
end_of_record
